2298025
3732423
3064033
3732423
3064033
626331
3732423
2298025
1126015
410011
3064033
3732423
1126015
626331
3542887
1723519
1723519
216367
230631
3732423
1564063
3732423
3732423
837799
3732423
2298025
1723519
3732423
3732423
2298025
626331
3732423
2298025
1501353
3732423
26623
230631
3732423
3064033
156159
626331
1126015
626331
410011
410011
1126015
626331
1126015
410011
1723519
1126015
1723519
3732423
52527
3064033
2298025
2298025
3732423
1723519
156159
1126015
106239
3732423
1723519
1723519
3732423
1723519
3732423
1723519
230631
1723519
1723519
3732423
1723519
3542887
3064033
2298025
3064033
3064033
3064033
1723519
3732423
52527
3064033
230631
1564063
3732423
2298025
837799
2298025
837799
626331
3732423
2298025
3732423
3732423
3732423
106239
1723519
511935
